#
# A fatal error has been detected by the Java Runtime Environment:
#
#  EXCEPTION_ACCESS_VIOLATION (0xc0000005) at pc=0x000000005b3b8f69, pid=7496, tid=8280
#
# JRE version: 7.0_21-b11
# Java VM: Java HotSpot(TM) 64-Bit Server VM (23.21-b01 mixed mode windows-amd64 compressed oops)
# Problematic frame:
# V  [jvm.dll+0x38f69]
#
# Failed to write core dump. Minidumps are not enabled by default on client versions of Windows
#
# If you would like to submit a bug report, please visit:
#   http://bugreport.sun.com/bugreport/crash.jsp
#

---------------  T H R E A D  ---------------

Current thread (0x000000000ba64000):  JavaThread "JDWP Transport Listener: dt_socket" daemon [_thread_in_vm, id=8280, stack(0x000000000d670000,0x000000000d770000)]

siginfo: ExceptionCode=0xc0000005, reading address 0x000000000000000c

Registers:
RAX=0x000000000000000c, RBX=0x000000000ba64000, RCX=0x0000000000000003, RDX=0x0000000000000000
RSP=0x000000000d76f850, RBP=0x000000000000000c, RSI=0x0000000000000000, RDI=0x0000000000000010
R8 =0x00000007d7002bd8, R9 =0x0000000000000000, R10=0x0000000000000000, R11=0x0000000000000001
R12=0x0000000000000000, R13=0x0000000000000000, R14=0x0000000000000000, R15=0x0000000000000000
RIP=0x000000005b3b8f69, EFLAGS=0x0000000000010246

Top of Stack: (sp=0x000000000d76f850)
0x000000000d76f850:   000000000ba64000 0000000000000000
0x000000000d76f860:   0000000000000000 000000000ba64000
0x000000000d76f870:   0000000000000000 000000005b477ea4
0x000000000d76f880:   00000007d7002bd8 000000000d76f9a0
0x000000000d76f890:   000000000ba6fd88 000000000d76f970
0x000000000d76f8a0:   000000000ba64000 0000000000000000
0x000000000d76f8b0:   000000000ba6fd88 000000000d76f9a0
0x000000000d76f8c0:   0000000000000000 0000000000000000
0x000000000d76f8d0:   000000000ba641d8 000000006e957d15
0x000000000d76f8e0:   000000000d76f970 000000000d76f9a0
0x000000000d76f8f0:   000000000ba6fd88 000000000ba641d8
0x000000000d76f900:   000000000dd8780a 000000006e95f09c
0x000000000d76f910:   000000005b010a01 000000000d76fa10
0x000000000d76f920:   000000000ba58101 000000000dd83090
0x000000000d76f930:   00000fb400000013 000000005b010a00
0x000000000d76f940:   00000000024ccb90 0000000000000000 

Instructions: (pc=0x000000005b3b8f69)
0x000000005b3b8f49:   d2 48 8b c5 eb 18 48 8b d0 48 8b c5 48 d3 e2 48
0x000000005b3b8f59:   03 15 b1 35 62 00 eb 06 48 8b 12 48 8b c7 48 98
0x000000005b3b8f69:   8b 14 10 85 d2 74 2a 45 84 db 4c 63 c6 48 0f 45
0x000000005b3b8f79:   fd 8d 47 0b 48 63 c8 48 83 e1 f8 48 c1 e9 03 8d 


Register to memory mapping:

RAX=0x000000000000000c is an unknown value
RBX=0x000000000ba64000 is a thread
RCX=0x0000000000000003 is an unknown value
RDX=0x0000000000000000 is an unknown value
RSP=0x000000000d76f850 is pointing into the stack for thread: 0x000000000ba64000
RBP=0x000000000000000c is an unknown value
RSI=0x0000000000000000 is an unknown value
RDI=0x0000000000000010 is an unknown value
R8 =0x00000007d7002bd8 is an oop
java.lang.String 
 - klass: 'java/lang/String'
R9 =0x0000000000000000 is an unknown value
R10=0x0000000000000000 is an unknown value
R11=0x0000000000000001 is an unknown value
R12=0x0000000000000000 is an unknown value
R13=0x0000000000000000 is an unknown value
R14=0x0000000000000000 is an unknown value
R15=0x0000000000000000 is an unknown value


Stack: [0x000000000d670000,0x000000000d770000],  sp=0x000000000d76f850,  free space=1022k
Native frames: (J=compiled Java code, j=interpreted, Vv=VM code, C=native code)
V  [jvm.dll+0x38f69]


---------------  P R O C E S S  ---------------

Java Threads: ( => current thread )
  0x000000000ba91000 JavaThread "Service Thread" daemon [_thread_blocked, id=5788, stack(0x000000000d310000,0x000000000d410000)]
  0x000000000ba8d800 JavaThread "C2 CompilerThread1" daemon [_thread_blocked, id=3804, stack(0x000000000dc60000,0x000000000dd60000)]
  0x000000000ba80000 JavaThread "C2 CompilerThread0" daemon [_thread_blocked, id=5892, stack(0x000000000dad0000,0x000000000dbd0000)]
  0x000000000ba75800 JavaThread "JDWP Command Reader" daemon [_thread_in_native, id=8224, stack(0x000000000d9d0000,0x000000000dad0000)]
  0x000000000ba6e800 JavaThread "JDWP Event Helper Thread" daemon [_thread_blocked, id=7796, stack(0x000000000d7e0000,0x000000000d8e0000)]
=>0x000000000ba64000 JavaThread "JDWP Transport Listener: dt_socket" daemon [_thread_in_vm, id=8280, stack(0x000000000d670000,0x000000000d770000)]
  0x000000000ba5e000 JavaThread "Attach Listener" daemon [_thread_blocked, id=4308, stack(0x000000000d010000,0x000000000d110000)]
  0x000000000ba56800 JavaThread "Signal Dispatcher" daemon [_thread_blocked, id=6360, stack(0x000000000ce90000,0x000000000cf90000)]
  0x0000000002588800 JavaThread "Finalizer" daemon [_thread_blocked, id=9056, stack(0x000000000cd00000,0x000000000ce00000)]
  0x0000000002581000 JavaThread "Reference Handler" daemon [_thread_blocked, id=5792, stack(0x000000000cb90000,0x000000000cc90000)]
  0x000000000248e800 JavaThread "main" [_thread_blocked, id=8644, stack(0x0000000002700000,0x0000000002800000)]

Other Threads:
  0x000000000b9b3800 VMThread [stack: 0x000000000c8e0000,0x000000000c9e0000] [id=2784]
  0x000000000ba9e000 WatcherThread [stack: 0x000000000e1c0000,0x000000000e2c0000] [id=8812]

VM state:not at safepoint (normal execution)

VM Mutex/Monitor currently owned by a thread: None

Heap
 PSYoungGen      total 36800K, used 1893K [0x00000007d6eb0000, 0x00000007d97c0000, 0x0000000800000000)
  eden space 31552K, 6% used [0x00000007d6eb0000,0x00000007d7089540,0x00000007d8d80000)
  from space 5248K, 0% used [0x00000007d92a0000,0x00000007d92a0000,0x00000007d97c0000)
  to   space 5248K, 0% used [0x00000007d8d80000,0x00000007d8d80000,0x00000007d92a0000)
 ParOldGen       total 84160K, used 0K [0x0000000784c00000, 0x0000000789e30000, 0x00000007d6eb0000)
  object space 84160K, 0% used [0x0000000784c00000,0x0000000784c00000,0x0000000789e30000)
 PSPermGen       total 21248K, used 2860K [0x000000077fa00000, 0x0000000780ec0000, 0x0000000784c00000)
  object space 21248K, 13% used [0x000000077fa00000,0x000000077fccb0a8,0x0000000780ec0000)

Card table byte_map: [0x00000000058c0000,0x0000000005cd0000] byte_map_base: 0x0000000001cc3000

Polling page: 0x00000000001b0000

Code Cache  [0x0000000002800000, 0x0000000002a70000, 0x0000000005800000)
 total_blobs=164 nmethods=0 adapters=139 free_code_cache=48774Kb largest_free_block=49944320

Compilation events (0 events):
No events

GC Heap History (0 events):
No events

Deoptimization events (0 events):
No events

Internal exceptions (3 events):
Event: 0.078 Thread 0x000000000248e800 Threw 0x00000007d6eb61b0 at C:\jdk7u2_64p\jdk7u21\hotspot\src\share\vm\prims\jni.cpp:3994
Event: 0.396 Thread 0x000000000248e800 Threw 0x00000007d6f4a510 at C:\jdk7u2_64p\jdk7u21\hotspot\src\share\vm\prims\jvm.cpp:1166
Event: 0.403 Thread 0x000000000248e800 Threw 0x00000007d6fefd10 at C:\jdk7u2_64p\jdk7u21\hotspot\src\share\vm\prims\jvm.cpp:1166

Events (10 events):
Event: 332.170 Executing VM operation: GetCurrentLocation
Event: 332.170 Executing VM operation: GetCurrentLocation done
Event: 332.170 Executing VM operation: ChangeSingleStep
Event: 332.170 Executing VM operation: ChangeSingleStep done
Event: 332.171 Executing VM operation: ChangeSingleStep
Event: 332.171 Executing VM operation: ChangeSingleStep done
Event: 332.185 Executing VM operation: GetOrSetLocal
Event: 332.185 Executing VM operation: GetOrSetLocal done
Event: 332.203 Executing VM operation: GetOrSetLocal
Event: 332.204 Executing VM operation: GetOrSetLocal done


Dynamic libraries:
0x000000013ff00000 - 0x000000013ff33000 	D:\Program Files\Java\jdk1.7.0_21\bin\javaw.exe
0x0000000077280000 - 0x0000000077429000 	C:\Windows\SYSTEM32\ntdll.dll
0x0000000077160000 - 0x000000007727f000 	C:\Windows\system32\kernel32.dll
0x000007fefd100000 - 0x000007fefd16b000 	C:\Windows\system32\KERNELBASE.dll
0x000007fefd8a0000 - 0x000007fefd97b000 	C:\Windows\system32\ADVAPI32.dll
0x000007fefeef0000 - 0x000007fefef8f000 	C:\Windows\system32\msvcrt.dll
0x000007fefd590000 - 0x000007fefd5af000 	C:\Windows\SYSTEM32\sechost.dll
0x000007fefd460000 - 0x000007fefd58d000 	C:\Windows\system32\RPCRT4.dll
0x0000000077060000 - 0x000000007715a000 	C:\Windows\system32\USER32.dll
0x000007feff1d0000 - 0x000007feff237000 	C:\Windows\system32\GDI32.dll
0x000007fefd9d0000 - 0x000007fefd9de000 	C:\Windows\system32\LPK.dll
0x000007fefdb60000 - 0x000007fefdc29000 	C:\Windows\system32\USP10.dll
0x000007fefc140000 - 0x000007fefc334000 	C:\Windows\WinSxS\amd64_microsoft.windows.common-controls_6595b64144ccf1df_6.0.7601.17514_none_fa396087175ac9ac\COMCTL32.dll
0x000007fefdcb0000 - 0x000007fefdd21000 	C:\Windows\system32\SHLWAPI.dll
0x000007fefd660000 - 0x000007fefd68e000 	C:\Windows\system32\IMM32.DLL
0x000007feff420000 - 0x000007feff529000 	C:\Windows\system32\MSCTF.dll
0x000000006d3d0000 - 0x000000006d4a1000 	D:\Program Files\Java\jdk1.7.0_21\jre\bin\msvcr100.dll
0x000000005b380000 - 0x000000005baa1000 	D:\Program Files\Java\jdk1.7.0_21\jre\bin\server\jvm.dll
0x000007feedc00000 - 0x000007feedc09000 	C:\Windows\system32\WSOCK32.dll
0x000007fefd980000 - 0x000007fefd9cd000 	C:\Windows\system32\WS2_32.dll
0x000007fefd650000 - 0x000007fefd658000 	C:\Windows\system32\NSI.dll
0x000007fef8d20000 - 0x000007fef8d5b000 	C:\Windows\system32\WINMM.dll
0x0000000077450000 - 0x0000000077457000 	C:\Windows\system32\PSAPI.DLL
0x000000006f0b0000 - 0x000000006f0bf000 	D:\Program Files\Java\jdk1.7.0_21\jre\bin\verify.dll
0x000000006f060000 - 0x000000006f088000 	D:\Program Files\Java\jdk1.7.0_21\jre\bin\java.dll
0x000000006e950000 - 0x000000006e985000 	D:\Program Files\Java\jdk1.7.0_21\jre\bin\jdwp.dll
0x000000006ef60000 - 0x000000006ef68000 	D:\Program Files\Java\jdk1.7.0_21\jre\bin\npt.dll
0x000000006d6f0000 - 0x000000006d705000 	D:\Program Files\Java\jdk1.7.0_21\jre\bin\zip.dll
0x000000006e940000 - 0x000000006e949000 	D:\Program Files\Java\jdk1.7.0_21\jre\bin\dt_socket.dll
0x000007fefb570000 - 0x000007fefb585000 	C:\Windows\system32\NLAapi.dll
0x000007fef9df0000 - 0x000007fef9e05000 	C:\Windows\system32\napinsp.dll
0x000007fef9dd0000 - 0x000007fef9de9000 	C:\Windows\system32\pnrpnsp.dll
0x000007fefc8a0000 - 0x000007fefc8f5000 	C:\Windows\System32\mswsock.dll
0x000007fefc720000 - 0x000007fefc77b000 	C:\Windows\system32\DNSAPI.dll
0x000007fef9dc0000 - 0x000007fef9dcb000 	C:\Windows\System32\winrnr.dll
0x000007fef9db0000 - 0x000007fef9dc0000 	C:\Windows\system32\wshbth.dll
0x000007fefb230000 - 0x000007fefb257000 	C:\Windows\system32\IPHLPAPI.DLL
0x000007fefb210000 - 0x000007fefb21b000 	C:\Windows\system32\WINNSI.DLL
0x000007fefb0c0000 - 0x000007fefb113000 	C:\Windows\System32\fwpuclnt.dll
0x000007fef91b0000 - 0x000007fef91b8000 	C:\Windows\system32\rasadhlp.dll
0x000007fefbbc0000 - 0x000007fefbbc7000 	C:\Windows\System32\wshtcpip.dll
0x000000006e920000 - 0x000000006e939000 	D:\Program Files\Java\jdk1.7.0_21\jre\bin\net.dll
0x000007fefc890000 - 0x000007fefc897000 	C:\Windows\System32\wship6.dll
0x000007fef2550000 - 0x000007fef2675000 	C:\Windows\system32\dbghelp.dll

VM Arguments:
jvm_args: -agentlib:jdwp=transport=dt_socket,suspend=y,address=localhost:50681 -Dfile.encoding=GBK 
java_command: fb.controller.EchoServer
Launcher Type: SUN_STANDARD

Environment Variables:
JAVA_HOME=D:\Program Files\Java\jdk1.7.0_21
PATH=C:\Program Files (x86)\Intel\iCLS Client\;C:\Program Files\Intel\iCLS Client\;C:\Windows\system32;C:\Windows;C:\Windows\System32\Wbem;C:\Windows\System32\WindowsPowerShell\v1.0\;C:\Program Files (x86)\Intel\OpenCL SDK\2.0\bin\x86;C:\Program Files (x86)\Intel\OpenCL SDK\2.0\bin\x64;C:\Program Files\Intel\Intel(R) Management Engine Components\DAL;C:\Program Files\Intel\Intel(R) Management Engine Components\IPT;C:\Program Files (x86)\Intel\Intel(R) Management Engine Components\DAL;C:\Program Files (x86)\Intel\Intel(R) Management Engine Components\IPT;C:\Program Files\ThinkPad\Bluetooth Software\;C:\Program Files\ThinkPad\Bluetooth Software\syswow64;C:\Program Files (x86)\Lenovo\Access Connections\;D:\Program Files\Java\jdk1.7.0_21\bin;D:\Program Files\Java\jdk1.7.0_21\lib\dt.jar;D:\Program Files\Java\jdk1.7.0_21\jre\bin;D:\tomcat\lib;D:\tomcat\lib\servlet-api.jar;D:\tomcat\lib\jsp-api.jar;D:\Program Files\MySQL\MySQL Server 5.6\bin;D:\hadoop\apache-ant-1.9.2\bin;D:\Program Files\Python27;d:\Program Files\MATLAB\R2013b\runtime\win64;d:\Program Files\MATLAB\R2013b\bin
USERNAME=IBM
OS=Windows_NT
PROCESSOR_IDENTIFIER=Intel64 Family 6 Model 58 Stepping 9, GenuineIntel



---------------  S Y S T E M  ---------------

OS: Windows 7 , 64 bit Build 7601 Service Pack 1

CPU:total 4 (2 cores per cpu, 2 threads per core) family 6 model 58 stepping 9, cmov, cx8, fxsr, mmx, sse, sse2, sse3, ssse3, sse4.1, sse4.2, popcnt, avx, ht, tsc, tscinvbit, tscinv

Memory: 4k page, physical 8077104k(3799260k free), swap 16152344k(10897056k free)

vm_info: Java HotSpot(TM) 64-Bit Server VM (23.21-b01) for windows-amd64 JRE (1.7.0_21-b11), built on Apr  4 2013 08:11:28 by "java_re" with unknown MS VC++:1600

time: Wed Mar 12 10:21:28 2014
elapsed time: 332 seconds

